<?xml version="1.0" encoding="UTF-8"?>
<testsuite xmlns:xsi="http://www.w3.org/2001/XMLSchema-instance" xsi:noNamespaceSchemaLocation="https://maven.apache.org/surefire/maven-surefire-plugin/xsd/surefire-test-report.xsd" name="es.ibm.usermanagement.UserServiceImplTest" time="1.424" tests="4" errors="0" skipped="0" failures="0">
  <properties>
[...]
</properties>
  <testcase name="searchUsers_shouldReturnPagedResults" classname="es.ibm.usermanagement.UserServiceImplTest" time="1.375"/>
  <testcase name="createUser_shouldThrowUserAlreadyExistsException_whenUserExists" classname="es.ibm.usermanagement.UserServiceImplTest" time="0.012"/>
  <testcase name="getUser_shouldThrowUserNotFoundException_whenUserDoesNotExist" classname="es.ibm.usermanagement.UserServiceImplTest" time="0.003"/>
  <testcase name="getUser_shouldReturnUserResponse_whenUserExists" classname="es.ibm.usermanagement.UserServiceImplTest" time="0.006"/>
</testsuite>